#-----------------------------------------------------------
# Webtalk v2018.3 (64-bit)
# SW Build 2405991 on Thu Dec  6 23:36:41 MST 2018
# 
# Start of session at: Wed Aug  7 16:23:03 2019
# Process ID: 22513
# Current directory: /home/zhengyuan/src/FPGA_Studio/10_ad9708_dma/dma_dac.sdk/webtalk
# Command line: wbtcv -mode batch -source sdk_webtalk.tcl
# Log file: /home/zhengyuan/src/FPGA_Studio/10_ad9708_dma/dma_dac.sdk/webtalk/webtalk.log
# Journal file: /home/zhengyuan/src/FPGA_Studio/10_ad9708_dma/dma_dac.sdk/webtalk/webtalk.jou
#-----------------------------------------------------------
source sdk_webtalk.tcl
# webtalk_init -webtalk_dir /home/zhengyuan/src/FPGA_Studio/10_ad9708_dma/dma_dac.sdk/webtalk
# webtalk_register_client -client project
# webtalk_add_data -client project -key date_generated -value "2019-08-07 16:23:02" -context "software_version_and_target_device"
# webtalk_add_data -client project -key product_version -value "SDK v2018.3" -context "software_version_and_target_device"
# webtalk_add_data -client project -key build_version -value "2018.3" -context "software_version_and_target_device"
# webtalk_add_data -client project -key os_platform -value "amd64" -context "software_version_and_target_device"
# webtalk_add_data -client project -key registration_id -value "" -context "software_version_and_target_device"
# webtalk_add_data -client project -key tool_flow -value "SDK" -context "software_version_and_target_device"
# webtalk_add_data -client project -key beta -value "false" -context "software_version_and_target_device"
# webtalk_add_data -client project -key route_design -value "NA" -context "software_version_and_target_device"
# webtalk_add_data -client project -key target_family -value "NA" -context "software_version_and_target_device"
# webtalk_add_data -client project -key target_device -value "NA" -context "software_version_and_target_device"
# webtalk_add_data -client project -key target_package -value "NA" -context "software_version_and_target_device"
# webtalk_add_data -client project -key target_speed -value "NA" -context "software_version_and_target_device"
# webtalk_add_data -client project -key random_id -value "r0m4n9nqkk6e8mk55p4ubhh4gk" -context "software_version_and_target_device"
# webtalk_add_data -client project -key project_id -value "2018.3_9" -context "software_version_and_target_device"
# webtalk_add_data -client project -key project_iteration -value "9" -context "software_version_and_target_device"
# webtalk_add_data -client project -key os_name -value "Ubuntu" -context "user_environment"
# webtalk_add_data -client project -key os_release -value "Ubuntu 16.04.6 LTS" -context "user_environment"
# webtalk_add_data -client project -key cpu_name -value "Intel(R) Xeon(R) CPU E5-2620 v4 @ 2.10GHz" -context "user_environment"
# webtalk_add_data -client project -key cpu_speed -value "2764.497 MHz" -context "user_environment"
# webtalk_add_data -client project -key total_processors -value "2" -context "user_environment"
# webtalk_add_data -client project -key system_ram -value "67.249 GB" -context "user_environment"
# webtalk_register_client -client sdk
# webtalk_add_data -client sdk -key uid -value "1565164961000" -context "sdk\\\\hardware/1565164961000"
# webtalk_add_data -client sdk -key isZynq -value "true" -context "sdk\\\\hardware/1565164961000"
# webtalk_add_data -client sdk -key isZynqMP -value "false" -context "sdk\\\\hardware/1565164961000"
# webtalk_add_data -client sdk -key Processors -value "2" -context "sdk\\\\hardware/1565164961000"
# webtalk_add_data -client sdk -key VivadoVersion -value "2018.3" -context "sdk\\\\hardware/1565164961000"
# webtalk_add_data -client sdk -key Arch -value "zynq" -context "sdk\\\\hardware/1565164961000"
# webtalk_add_data -client sdk -key Device -value "7z020" -context "sdk\\\\hardware/1565164961000"
# webtalk_add_data -client sdk -key IsHandoff -value "true" -context "sdk\\\\hardware/1565164961000"
# webtalk_add_data -client sdk -key os -value "NA" -context "sdk\\\\hardware/1565164961000"
# webtalk_add_data -client sdk -key apptemplate -value "NA" -context "sdk\\\\hardware/1565164961000"
# webtalk_add_data -client sdk -key RecordType -value "HWCreation" -context "sdk\\\\hardware/1565164961000"
# webtalk_add_data -client sdk -key uid -value "1565164977000" -context "sdk\\\\bsp/1565164977000"
# webtalk_add_data -client sdk -key hwid -value "1565164961000" -context "sdk\\\\bsp/1565164977000"
# webtalk_add_data -client sdk -key os -value "standalone" -context "sdk\\\\bsp/1565164977000"
# webtalk_add_data -client sdk -key apptemplate -value "empty_application" -context "sdk\\\\bsp/1565164977000"
# webtalk_add_data -client sdk -key RecordType -value "BSPCreation" -context "sdk\\\\bsp/1565164977000"
# webtalk_add_data -client sdk -key uid -value "1565164978000" -context "sdk\\\\application/1565164978000"
# webtalk_add_data -client sdk -key hwid -value "1565164961000" -context "sdk\\\\application/1565164978000"
# webtalk_add_data -client sdk -key bspid -value "1565164977000" -context "sdk\\\\application/1565164978000"
# webtalk_add_data -client sdk -key newbsp -value "true" -context "sdk\\\\application/1565164978000"
# webtalk_add_data -client sdk -key os -value "standalone" -context "sdk\\\\application/1565164978000"
# webtalk_add_data -client sdk -key apptemplate -value "empty_application" -context "sdk\\\\application/1565164978000"
# webtalk_add_data -client sdk -key RecordType -value "APPCreation" -context "sdk\\\\application/1565164978000"
# webtalk_add_data -client sdk -key LangUsed -value "C" -context "sdk\\\\application/1565164978000"
# webtalk_add_data -client sdk -key Procused -value "ps7_cortexa9" -context "sdk\\\\application/1565164978000"
# webtalk_add_data -client sdk -key projSize -value "410.078125" -context "sdk\\\\application/1565164978000"
# webtalk_add_data -client sdk -key uid -value "1565165081000" -context "sdk\\\\bsp/1565165081000"
# webtalk_add_data -client sdk -key hwid -value "1565164961000" -context "sdk\\\\bsp/1565165081000"
# webtalk_add_data -client sdk -key os -value "standalone" -context "sdk\\\\bsp/1565165081000"
# webtalk_add_data -client sdk -key apptemplate -value "zynq_fsbl" -context "sdk\\\\bsp/1565165081000"
# webtalk_add_data -client sdk -key RecordType -value "BSPCreation" -context "sdk\\\\bsp/1565165081000"
# webtalk_add_data -client sdk -key uid -value "1565165087000" -context "sdk\\\\application/1565165087000"
# webtalk_add_data -client sdk -key hwid -value "1565164961000" -context "sdk\\\\application/1565165087000"
# webtalk_add_data -client sdk -key bspid -value "1565165081000" -context "sdk\\\\application/1565165087000"
# webtalk_add_data -client sdk -key newbsp -value "true" -context "sdk\\\\application/1565165087000"
# webtalk_add_data -client sdk -key os -value "standalone" -context "sdk\\\\application/1565165087000"
# webtalk_add_data -client sdk -key apptemplate -value "zynq_fsbl" -context "sdk\\\\application/1565165087000"
# webtalk_add_data -client sdk -key RecordType -value "APPCreation" -context "sdk\\\\application/1565165087000"
# webtalk_add_data -client sdk -key LangUsed -value "C" -context "sdk\\\\application/1565165087000"
# webtalk_add_data -client sdk -key Procused -value "ps7_cortexa9" -context "sdk\\\\application/1565165087000"
# webtalk_add_data -client sdk -key projSize -value "595.41015625" -context "sdk\\\\application/1565165087000"
# webtalk_add_data -client sdk -key uid -value "NA" -context "sdk\\\\bsp/1565166182052"
# webtalk_add_data -client sdk -key RecordType -value "ToolUsage" -context "sdk\\\\bsp/1565166182052"
# webtalk_add_data -client sdk -key BootgenCount -value "3" -context "sdk\\\\bsp/1565166182052"
# webtalk_add_data -client sdk -key DebugCount -value "0" -context "sdk\\\\bsp/1565166182052"
# webtalk_add_data -client sdk -key PerfCount -value "0" -context "sdk\\\\bsp/1565166182052"
# webtalk_add_data -client sdk -key FlashCount -value "0" -context "sdk\\\\bsp/1565166182052"
# webtalk_add_data -client sdk -key CrossTriggCount -value "0" -context "sdk\\\\bsp/1565166182052"
# webtalk_add_data -client sdk -key QemuDebugCount -value "0" -context "sdk\\\\bsp/1565166182052"
# webtalk_transmit -clientid 3667282620 -regid "" -xml /home/zhengyuan/src/FPGA_Studio/10_ad9708_dma/dma_dac.sdk/webtalk/usage_statistics_ext_sdk.xml -html /home/zhengyuan/src/FPGA_Studio/10_ad9708_dma/dma_dac.sdk/webtalk/usage_statistics_ext_sdk.html -wdm /home/zhengyuan/src/FPGA_Studio/10_ad9708_dma/dma_dac.sdk/webtalk/sdk_webtalk.wdm -intro "<H3>SDK Usage Report</H3><BR>"
INFO: [Common 17-186] '/home/zhengyuan/src/FPGA_Studio/10_ad9708_dma/dma_dac.sdk/webtalk/usage_statistics_ext_sdk.xml' has been successfully sent to Xilinx on Wed Aug  7 16:23:06 2019. For additional details about this file, please refer to the WebTalk help file at /opt/xilinx/SDK/2018.3/doc/webtalk_introduction.html.
# webtalk_terminate
INFO: [Common 17-206] Exiting Webtalk at Wed Aug  7 16:23:06 2019...
