Copyright 1986-2018 Xilinx, Inc. All Rights Reserved.
------------------------------------------------------------------------------------
| Tool Version : Vivado v.2018.3 (lin64) Build 2405991 Thu Dec  6 23:36:41 MST 2018
| Date         : Sun Aug  4 11:03:21 2019
| Host         : sdu-dpai-turing-2 running 64-bit Ubuntu 16.04.6 LTS
| Command      : upgrade_ip
| Device       : xc7z020clg400-2
------------------------------------------------------------------------------------

Upgrade Log for IP 'top_rst_clk_wiz_100M_0'

1. Summary
----------

SUCCESS in the upgrade of top_rst_clk_wiz_100M_0 (xilinx.com:ip:proc_sys_reset:5.0) from (Rev. 12) to (Rev. 13)






Copyright 1986-2018 Xilinx, Inc. All Rights Reserved.
------------------------------------------------------------------------------------
| Tool Version : Vivado v.2018.3 (lin64) Build 2405991 Thu Dec  6 23:36:41 MST 2018
| Date         : Sun Aug  4 11:03:21 2019
| Host         : sdu-dpai-turing-2 running 64-bit Ubuntu 16.04.6 LTS
| Command      : upgrade_ip
| Device       : xc7z020clg400-2
------------------------------------------------------------------------------------

Upgrade Log for IP 'top_ps7_0_axi_periph_1'

1. Summary
----------

SUCCESS in the upgrade of top_ps7_0_axi_periph_1 (xilinx.com:ip:axi_interconnect:2.1) from (Rev. 16) to (Rev. 19)






Copyright 1986-2018 Xilinx, Inc. All Rights Reserved.
------------------------------------------------------------------------------------
| Tool Version : Vivado v.2018.3 (lin64) Build 2405991 Thu Dec  6 23:36:41 MST 2018
| Date         : Sun Aug  4 11:03:21 2019
| Host         : sdu-dpai-turing-2 running 64-bit Ubuntu 16.04.6 LTS
| Command      : upgrade_ip
| Device       : xc7z020clg400-2
------------------------------------------------------------------------------------

Upgrade Log for IP 'top_proc_sys_reset_0_0'

1. Summary
----------

SUCCESS in the upgrade of top_proc_sys_reset_0_0 (xilinx.com:ip:proc_sys_reset:5.0) from (Rev. 12) to (Rev. 13)






Copyright 1986-2018 Xilinx, Inc. All Rights Reserved.
------------------------------------------------------------------------------------
| Tool Version : Vivado v.2018.3 (lin64) Build 2405991 Thu Dec  6 23:36:41 MST 2018
| Date         : Sun Aug  4 11:03:21 2019
| Host         : sdu-dpai-turing-2 running 64-bit Ubuntu 16.04.6 LTS
| Command      : upgrade_ip
| Device       : xc7z020clg400-2
------------------------------------------------------------------------------------

Upgrade Log for IP 'top_axi_interconnect_0_0'

1. Summary
----------

SUCCESS in the upgrade of top_axi_interconnect_0_0 (xilinx.com:ip:axi_interconnect:2.1) from (Rev. 16) to (Rev. 19)






Copyright 1986-2018 Xilinx, Inc. All Rights Reserved.
------------------------------------------------------------------------------------
| Tool Version : Vivado v.2018.3 (lin64) Build 2405991 Thu Dec  6 23:36:41 MST 2018
| Date         : Sun Aug  4 11:03:20 2019
| Host         : sdu-dpai-turing-2 running 64-bit Ubuntu 16.04.6 LTS
| Command      : upgrade_ip
| Device       : xc7z020clg400-2
------------------------------------------------------------------------------------

Upgrade Log for IP 'top_axi_dma_0_0'

1. Summary
----------

SUCCESS in the upgrade of top_axi_dma_0_0 (xilinx.com:ip:axi_dma:7.1) from (Rev. 16) to (Rev. 19)






Copyright 1986-2018 Xilinx, Inc. All Rights Reserved.
------------------------------------------------------------------------------------
| Tool Version : Vivado v.2018.3 (lin64) Build 2405991 Thu Dec  6 23:36:41 MST 2018
| Date         : Sun Aug  4 11:03:20 2019
| Host         : sdu-dpai-turing-2 running 64-bit Ubuntu 16.04.6 LTS
| Command      : upgrade_ip
| Device       : xc7z020clg400-2
------------------------------------------------------------------------------------

Upgrade Log for IP 'top_ad9708_send_0_0'

1. Summary
----------

SUCCESS in the conversion of top_ad9708_send_0_0 (xilinx.com:user:ad9708_send:2.0 (Rev. 1)) to Vivado generation flows.

